<?xml version="1.0" encoding="UTF-8"?>
<coverage generated="1556163063390" clover="3.2.0">
  <project timestamp="1556163063390" name="All files">
    <metrics statements="34" coveredstatements="19" conditionals="4" coveredconditionals="4" methods="6" coveredmethods="2" elements="44" coveredelements="25" complexity="0" loc="34" ncloc="34" packages="3" files="6" classes="6">
      <package name="components">
        <metrics statements="3" coveredstatements="0" conditionals="0" coveredconditionals="0" methods="1" coveredmethods="0"/>
        <file name="Top.vue" path="/Users/ik/Desktop/creating_api_express_mysql/client/src/components/Top.vue">
          <metrics statements="3" coveredstatements="0" conditionals="0" coveredconditionals="0" methods="1" coveredmethods="0"/>
          <line num="12" count="0" type="stmt"/>
          <line num="13" count="0" type="stmt"/>
          <line num="25" count="0" type="stmt"/>
        </file>
      </package>
      <package name="components.parts">
        <metrics statements="8" coveredstatements="8" conditionals="4" coveredconditionals="4" methods="2" coveredmethods="2"/>
        <file name="NewTodo.vue" path="/Users/ik/Desktop/creating_api_express_mysql/client/src/components/parts/NewTodo.vue">
          <metrics statements="8" coveredstatements="8" conditionals="4" coveredconditionals="4" methods="2" coveredmethods="2"/>
          <line num="11" count="1" type="stmt"/>
          <line num="15" count="2" type="stmt"/>
          <line num="27" count="2" type="cond" truecount="4" falsecount="0"/>
          <line num="28" count="1" type="stmt"/>
          <line num="30" count="1" type="stmt"/>
          <line num="31" count="1" type="stmt"/>
          <line num="32" count="1" type="stmt"/>
          <line num="33" count="1" type="stmt"/>
        </file>
      </package>
      <package name="store">
        <metrics statements="23" coveredstatements="11" conditionals="0" coveredconditionals="0" methods="3" coveredmethods="0"/>
        <file name="actions.js" path="/Users/ik/Desktop/creating_api_express_mysql/client/src/store/actions.js">
          <metrics statements="11" coveredstatements="11" conditionals="0" coveredconditionals="0" methods="0" coveredmethods="0"/>
          <line num="3" count="1" type="stmt"/>
          <line num="8" count="2" type="stmt"/>
          <line num="9" count="2" type="stmt"/>
          <line num="10" count="1" type="stmt"/>
          <line num="11" count="1" type="stmt"/>
          <line num="13" count="1" type="stmt"/>
          <line num="17" count="2" type="stmt"/>
          <line num="18" count="2" type="stmt"/>
          <line num="22" count="1" type="stmt"/>
          <line num="23" count="1" type="stmt"/>
          <line num="25" count="1" type="stmt"/>
        </file>
        <file name="getters.js" path="/Users/ik/Desktop/creating_api_express_mysql/client/src/store/getters.js">
          <metrics statements="1" coveredstatements="0" conditionals="0" coveredconditionals="0" methods="1" coveredmethods="0"/>
          <line num="3" count="0" type="stmt"/>
        </file>
        <file name="index.js" path="/Users/ik/Desktop/creating_api_express_mysql/client/src/store/index.js">
          <metrics statements="9" coveredstatements="0" conditionals="0" coveredconditionals="0" methods="0" coveredmethods="0"/>
          <line num="1" count="0" type="stmt"/>
          <line num="2" count="0" type="stmt"/>
          <line num="3" count="0" type="stmt"/>
          <line num="4" count="0" type="stmt"/>
          <line num="5" count="0" type="stmt"/>
          <line num="6" count="0" type="stmt"/>
          <line num="8" count="0" type="stmt"/>
          <line num="10" count="0" type="stmt"/>
          <line num="12" count="0" type="stmt"/>
        </file>
        <file name="mutations.js" path="/Users/ik/Desktop/creating_api_express_mysql/client/src/store/mutations.js">
          <metrics statements="2" coveredstatements="0" conditionals="0" coveredconditionals="0" methods="2" coveredmethods="0"/>
          <line num="3" count="0" type="stmt"/>
          <line num="7" count="0" type="stmt"/>
        </file>
      </package>
    </metrics>
  </project>
</coverage>
