{"/Users/ik/Desktop/creating_api_express_mysql/client/src/components/Top.vue": {"path":"/Users/ik/Desktop/creating_api_express_mysql/client/src/components/Top.vue","statementMap":{"0":{"start":{"line":12,"column":0},"end":{"line":null,"column":-1}},"1":{"start":{"line":13,"column":0},"end":{"line":null,"column":-1}},"2":{"start":{"line":25,"column":0},"end":{"line":null,"column":-1}}},"fnMap":{"0":{"name":"created","decl":{"start":{"line":24,"column":0},"end":{"line":null,"column":-1}},"loc":{"start":{"line":24,"column":0},"end":{"line":26,"column":0}}}},"branchMap":{},"s":{"0":0,"1":0,"2":0},"f":{"0":0},"b":{}}
,"/Users/ik/Desktop/creating_api_express_mysql/client/src/components/parts/Textarea.vue": {"path":"/Users/ik/Desktop/creating_api_express_mysql/client/src/components/parts/Textarea.vue","statementMap":{"0":{"start":{"line":14,"column":0},"end":{"line":null,"column":-1}},"1":{"start":{"line":22,"column":0},"end":{"line":29,"column":0}},"2":{"start":{"line":23,"column":0},"end":{"line":null,"column":-1}},"3":{"start":{"line":25,"column":0},"end":{"line":null,"column":-1}},"4":{"start":{"line":26,"column":0},"end":{"line":null,"column":-1}},"5":{"start":{"line":27,"column":0},"end":{"line":null,"column":-1}},"6":{"start":{"line":28,"column":0},"end":{"line":null,"column":-1}}},"fnMap":{"0":{"name":"data","decl":{"start":{"line":13,"column":0},"end":{"line":null,"column":-1}},"loc":{"start":{"line":13,"column":0},"end":{"line":19,"column":0}}},"1":{"name":"postTodo","decl":{"start":{"line":21,"column":0},"end":{"line":null,"column":-1}},"loc":{"start":{"line":21,"column":0},"end":{"line":30,"column":0}}}},"branchMap":{"0":{"loc":{"start":{"line":22,"column":0},"end":{"line":29,"column":0}},"type":"if","locations":[{"start":{"line":22,"column":0},"end":{"line":29,"column":0}},{"start":{"line":22,"column":0},"end":{"line":29,"column":0}}]},"1":{"loc":{"start":{"line":22,"column":0},"end":{"line":null,"column":-1}},"type":"binary-expr","locations":[{"start":{"line":22,"column":0},"end":{"line":null,"column":-1}},{"start":{"line":22,"column":0},"end":{"line":null,"column":-1}}]}},"s":{"0":1,"1":0,"2":0,"3":0,"4":0,"5":0,"6":0},"f":{"0":1,"1":0},"b":{"0":[0,0],"1":[0,0]}}
,"/Users/ik/Desktop/creating_api_express_mysql/client/src/store/index.js": {"path":"/Users/ik/Desktop/creating_api_express_mysql/client/src/store/index.js","statementMap":{"0":{"start":{"line":1,"column":0},"end":{"line":null,"column":-1}},"1":{"start":{"line":2,"column":0},"end":{"line":null,"column":-1}},"2":{"start":{"line":3,"column":0},"end":{"line":null,"column":-1}},"3":{"start":{"line":4,"column":0},"end":{"line":null,"column":-1}},"4":{"start":{"line":6,"column":0},"end":{"line":null,"column":-1}},"5":{"start":{"line":8,"column":16},"end":{"line":8,"column":0}},"6":{"start":{"line":10,"column":14},"end":{"line":10,"column":0}},"7":{"start":{"line":16,"column":6},"end":{"line":null,"column":-1}},"8":{"start":{"line":21,"column":6},"end":{"line":null,"column":-1}},"9":{"start":{"line":25,"column":6},"end":{"line":null,"column":-1}},"10":{"start":{"line":29,"column":27},"end":{"line":29,"column":26}},"11":{"start":{"line":30,"column":6},"end":{"line":null,"column":-1}},"12":{"start":{"line":31,"column":25},"end":{"line":31,"column":8}},"13":{"start":{"line":32,"column":8},"end":{"line":null,"column":-1}},"14":{"start":{"line":35,"column":44},"end":{"line":35,"column":43}},"15":{"start":{"line":36,"column":8},"end":{"line":null,"column":-1}},"16":{"start":{"line":40,"column":27},"end":{"line":40,"column":10}},"17":{"start":{"line":41,"column":10},"end":{"line":null,"column":-1}}},"fnMap":{"0":{"name":"todos","decl":{"start":{"line":14,"column":11},"end":{"line":15,"column":9}},"loc":{"start":{"line":15,"column":17},"end":{"line":14,"column":11}}},"1":{"name":"getTodos","decl":{"start":{"line":19,"column":13},"end":{"line":20,"column":12}},"loc":{"start":{"line":20,"column":30},"end":{"line":19,"column":13}}},"2":{"name":"addTodo","decl":{"start":{"line":19,"column":13},"end":{"line":24,"column":11}},"loc":{"start":{"line":24,"column":29},"end":{"line":19,"column":13}}},"3":{"name":"fetchTodos","decl":{"start":{"line":28,"column":11},"end":{"line":29,"column":26}},"loc":{"start":{"line":29,"column":27},"end":{"line":28,"column":11}}},"4":{"name":"(anonymous_5)","decl":{"start":{"line":30,"column":30},"end":{"line":30,"column":30}},"loc":{"start":{"line":30,"column":39},"end":{"line":30,"column":6}}},"5":{"name":"postTodo","decl":{"start":{"line":28,"column":11},"end":{"line":35,"column":24}},"loc":{"start":{"line":35,"column":44},"end":{"line":28,"column":11}}},"6":{"name":"(anonymous_7)","decl":{"start":{"line":39,"column":16},"end":{"line":39,"column":16}},"loc":{"start":{"line":39,"column":25},"end":{"line":36,"column":8}}}},"branchMap":{},"s":{"0":0,"1":0,"2":0,"3":0,"4":0,"5":0,"6":0,"7":0,"8":0,"9":0,"10":0,"11":0,"12":0,"13":0,"14":0,"15":0,"16":0,"17":0},"f":{"0":0,"1":0,"2":0,"3":0,"4":0,"5":0,"6":0},"b":{}}
}
