{"/Users/ik/Desktop/creating_api_express_mysql/client/src/components/Top.vue": {"path":"/Users/ik/Desktop/creating_api_express_mysql/client/src/components/Top.vue","statementMap":{"0":{"start":{"line":12,"column":0},"end":{"line":null,"column":-1}},"1":{"start":{"line":13,"column":0},"end":{"line":null,"column":-1}},"2":{"start":{"line":25,"column":0},"end":{"line":null,"column":-1}}},"fnMap":{"0":{"name":"created","decl":{"start":{"line":24,"column":0},"end":{"line":null,"column":-1}},"loc":{"start":{"line":24,"column":0},"end":{"line":26,"column":0}}}},"branchMap":{},"s":{"0":0,"1":0,"2":0},"f":{"0":0},"b":{}}
,"/Users/ik/Desktop/creating_api_express_mysql/client/src/components/parts/NewTodo.vue": {"path":"/Users/ik/Desktop/creating_api_express_mysql/client/src/components/parts/NewTodo.vue","statementMap":{"0":{"start":{"line":11,"column":0},"end":{"line":null,"column":-1}},"1":{"start":{"line":15,"column":0},"end":{"line":null,"column":-1}},"2":{"start":{"line":27,"column":0},"end":{"line":34,"column":0}},"3":{"start":{"line":28,"column":0},"end":{"line":null,"column":-1}},"4":{"start":{"line":30,"column":0},"end":{"line":null,"column":-1}},"5":{"start":{"line":31,"column":0},"end":{"line":null,"column":-1}},"6":{"start":{"line":32,"column":0},"end":{"line":null,"column":-1}},"7":{"start":{"line":33,"column":0},"end":{"line":null,"column":-1}}},"fnMap":{"0":{"name":"data","decl":{"start":{"line":14,"column":0},"end":{"line":null,"column":-1}},"loc":{"start":{"line":14,"column":0},"end":{"line":21,"column":0}}},"1":{"name":"postTodoButton","decl":{"start":{"line":26,"column":0},"end":{"line":null,"column":-1}},"loc":{"start":{"line":26,"column":0},"end":{"line":35,"column":0}}}},"branchMap":{"0":{"loc":{"start":{"line":27,"column":0},"end":{"line":34,"column":0}},"type":"if","locations":[{"start":{"line":27,"column":0},"end":{"line":34,"column":0}},{"start":{"line":27,"column":0},"end":{"line":34,"column":0}}]},"1":{"loc":{"start":{"line":27,"column":0},"end":{"line":null,"column":-1}},"type":"binary-expr","locations":[{"start":{"line":27,"column":0},"end":{"line":null,"column":-1}},{"start":{"line":27,"column":0},"end":{"line":null,"column":-1}}]}},"s":{"0":1,"1":2,"2":2,"3":1,"4":1,"5":1,"6":1,"7":1},"f":{"0":2,"1":2},"b":{"0":[1,1],"1":[2,1]}}
,"/Users/ik/Desktop/creating_api_express_mysql/client/src/store/actions.js": {"path":"/Users/ik/Desktop/creating_api_express_mysql/client/src/store/actions.js","statementMap":{"0":{"start":{"line":3,"column":16},"end":{"line":3,"column":49}},"1":{"start":{"line":8,"column":4},"end":{"line":14,"column":5}},"2":{"start":{"line":9,"column":18},"end":{"line":9,"column":42}},"3":{"start":{"line":10,"column":23},"end":{"line":10,"column":31}},"4":{"start":{"line":11,"column":6},"end":{"line":11,"column":34}},"5":{"start":{"line":13,"column":6},"end":{"line":13,"column":39}},"6":{"start":{"line":17,"column":4},"end":{"line":26,"column":5}},"7":{"start":{"line":18,"column":18},"end":{"line":21,"column":8}},"8":{"start":{"line":22,"column":23},"end":{"line":22,"column":31}},"9":{"start":{"line":23,"column":6},"end":{"line":23,"column":33}},"10":{"start":{"line":25,"column":6},"end":{"line":25,"column":39}}},"fnMap":{},"branchMap":{},"s":{"0":1,"1":2,"2":2,"3":1,"4":1,"5":1,"6":2,"7":2,"8":1,"9":1,"10":1},"f":{},"b":{},"_coverageSchema":"332fd63041d2c1bcb487cc26dd0d5f7d97098a6c","hash":"a9747d3d37b81a05c8434950b6e9bb35702d72aa"}
,"/Users/ik/Desktop/creating_api_express_mysql/client/src/store/getters.js": {"path":"/Users/ik/Desktop/creating_api_express_mysql/client/src/store/getters.js","statementMap":{"0":{"start":{"line":3,"column":4},"end":{"line":null,"column":-1}}},"fnMap":{"0":{"name":"todos","decl":{"start":{"line":1,"column":15},"end":{"line":2,"column":7}},"loc":{"start":{"line":2,"column":15},"end":{"line":1,"column":15}}}},"branchMap":{},"s":{"0":0},"f":{"0":0},"b":{}}
,"/Users/ik/Desktop/creating_api_express_mysql/client/src/store/index.js": {"path":"/Users/ik/Desktop/creating_api_express_mysql/client/src/store/index.js","statementMap":{"0":{"start":{"line":1,"column":0},"end":{"line":null,"column":-1}},"1":{"start":{"line":2,"column":0},"end":{"line":null,"column":-1}},"2":{"start":{"line":3,"column":0},"end":{"line":null,"column":-1}},"3":{"start":{"line":4,"column":0},"end":{"line":null,"column":-1}},"4":{"start":{"line":5,"column":0},"end":{"line":null,"column":-1}},"5":{"start":{"line":6,"column":0},"end":{"line":null,"column":-1}},"6":{"start":{"line":8,"column":0},"end":{"line":null,"column":-1}},"7":{"start":{"line":10,"column":16},"end":{"line":10,"column":0}},"8":{"start":{"line":12,"column":14},"end":{"line":12,"column":0}}},"fnMap":{},"branchMap":{},"s":{"0":0,"1":0,"2":0,"3":0,"4":0,"5":0,"6":0,"7":0,"8":0},"f":{},"b":{}}
,"/Users/ik/Desktop/creating_api_express_mysql/client/src/store/mutations.js": {"path":"/Users/ik/Desktop/creating_api_express_mysql/client/src/store/mutations.js","statementMap":{"0":{"start":{"line":3,"column":4},"end":{"line":null,"column":-1}},"1":{"start":{"line":7,"column":4},"end":{"line":null,"column":-1}}},"fnMap":{"0":{"name":"getTodos","decl":{"start":{"line":1,"column":15},"end":{"line":2,"column":10}},"loc":{"start":{"line":2,"column":28},"end":{"line":1,"column":15}}},"1":{"name":"addTodo","decl":{"start":{"line":1,"column":15},"end":{"line":6,"column":9}},"loc":{"start":{"line":6,"column":27},"end":{"line":1,"column":15}}}},"branchMap":{},"s":{"0":0,"1":0},"f":{"0":0,"1":0},"b":{}}
}
