TN:
SF:/Users/ik/Desktop/creating_api_express_mysql/client/src/components/Top.vue
FN:24,created
FNF:1
FNH:0
FNDA:0,created
DA:12,0
DA:13,0
DA:25,0
LF:3
LH:0
BRF:0
BRH:0
end_of_record
TN:
SF:/Users/ik/Desktop/creating_api_express_mysql/client/src/components/parts/NewTodo.vue
FN:14,data
FN:26,postTodoButton
FNF:2
FNH:2
FNDA:2,data
FNDA:2,postTodoButton
DA:11,1
DA:15,2
DA:27,2
DA:28,1
DA:30,1
DA:31,1
DA:32,1
DA:33,1
LF:8
LH:8
BRDA:27,0,0,1
BRDA:27,0,1,1
BRDA:27,1,0,2
BRDA:27,1,1,1
BRF:4
BRH:4
end_of_record
TN:
SF:/Users/ik/Desktop/creating_api_express_mysql/client/src/store/actions.js
FNF:0
FNH:0
DA:3,1
DA:8,2
DA:9,2
DA:10,1
DA:11,1
DA:13,1
DA:17,2
DA:18,2
DA:22,1
DA:23,1
DA:25,1
LF:11
LH:11
BRF:0
BRH:0
end_of_record
TN:
SF:/Users/ik/Desktop/creating_api_express_mysql/client/src/store/getters.js
FN:1,todos
FNF:1
FNH:0
FNDA:0,todos
DA:3,0
LF:1
LH:0
BRF:0
BRH:0
end_of_record
TN:
SF:/Users/ik/Desktop/creating_api_express_mysql/client/src/store/index.js
FNF:0
FNH:0
DA:1,0
DA:2,0
DA:3,0
DA:4,0
DA:5,0
DA:6,0
DA:8,0
DA:10,0
DA:12,0
LF:9
LH:0
BRF:0
BRH:0
end_of_record
TN:
SF:/Users/ik/Desktop/creating_api_express_mysql/client/src/store/mutations.js
FN:1,getTodos
FN:1,addTodo
FNF:2
FNH:0
FNDA:0,getTodos
FNDA:0,addTodo
DA:3,0
DA:7,0
LF:2
LH:0
BRF:0
BRH:0
end_of_record
