TN:
SF:/Users/ik/Desktop/creating_api_express_mysql/client/src/components/Top.vue
FN:24,created
FNF:1
FNH:0
FNDA:0,created
DA:12,0
DA:13,0
DA:25,0
LF:3
LH:0
BRF:0
BRH:0
end_of_record
TN:
SF:/Users/ik/Desktop/creating_api_express_mysql/client/src/components/parts/Textarea.vue
FN:13,data
FN:21,postTodo
FNF:2
FNH:1
FNDA:1,data
FNDA:0,postTodo
DA:14,1
DA:22,0
DA:23,0
DA:25,0
DA:26,0
DA:27,0
DA:28,0
LF:7
LH:1
BRDA:22,0,0,0
BRDA:22,0,1,0
BRDA:22,1,0,0
BRDA:22,1,1,0
BRF:4
BRH:0
end_of_record
TN:
SF:/Users/ik/Desktop/creating_api_express_mysql/client/src/store/index.js
FN:14,todos
FN:19,getTodos
FN:19,addTodo
FN:28,fetchTodos
FN:30,(anonymous_5)
FN:28,postTodo
FN:39,(anonymous_7)
FNF:7
FNH:0
FNDA:0,todos
FNDA:0,getTodos
FNDA:0,addTodo
FNDA:0,fetchTodos
FNDA:0,(anonymous_5)
FNDA:0,postTodo
FNDA:0,(anonymous_7)
DA:1,0
DA:2,0
DA:3,0
DA:4,0
DA:6,0
DA:8,0
DA:10,0
DA:16,0
DA:21,0
DA:25,0
DA:29,0
DA:30,0
DA:31,0
DA:32,0
DA:35,0
DA:36,0
DA:40,0
DA:41,0
LF:18
LH:0
BRF:0
BRH:0
end_of_record
